<?xml version="1.0" encoding="UTF-8"?>
<testng-results ignored="0" total="4" passed="4" failed="0" skipped="0">
  <reporter-output>
  </reporter-output>
  <suite started-at="2024-11-11T18:58:21 IST" name="Default suite" finished-at="2024-11-11T18:59:06 IST" duration-ms="44865">
    <groups>
    </groups>
    <test started-at="2024-11-11T18:58:21 IST" name="Default test" finished-at="2024-11-11T18:59:06 IST" duration-ms="44865">
      <class name="com.Module2.Admin.AdminPageTest">
        <test-method is-config="true" signature="setUp()[pri:0, instance:com.Module2.Admin.AdminPageTest@32910148]" started-at="2024-11-11T18:58:21 IST" name="setUp" finished-at="2024-11-11T18:58:33 IST" duration-ms="11910" status="PASS">
          <reporter-output>
          </reporter-output>
        </test-method> <!-- setUp -->
        <test-method is-config="true" signature="login()[pri:0, instance:com.Module2.Admin.AdminPageTest@32910148]" started-at="2024-11-11T18:58:33 IST" name="login" finished-at="2024-11-11T18:58:36 IST" duration-ms="3144" status="PASS">
          <reporter-output>
          </reporter-output>
        </test-method> <!-- login -->
        <test-method signature="getLeftSideMenuOptions()[pri:1, instance:com.Module2.Admin.AdminPageTest@32910148]" started-at="2024-11-11T18:58:36 IST" name="getLeftSideMenuOptions" finished-at="2024-11-11T18:58:43 IST" duration-ms="6680" status="PASS">
          <reporter-output>
          </reporter-output>
        </test-method> <!-- getLeftSideMenuOptions -->
        <test-method signature="searchByUserName()[pri:2, instance:com.Module2.Admin.AdminPageTest@32910148]" started-at="2024-11-11T18:58:43 IST" name="searchByUserName" finished-at="2024-11-11T18:58:48 IST" duration-ms="5502" status="PASS">
          <reporter-output>
          </reporter-output>
        </test-method> <!-- searchByUserName -->
        <test-method signature="searchByUserRole()[pri:3, instance:com.Module2.Admin.AdminPageTest@32910148]" started-at="2024-11-11T18:58:48 IST" name="searchByUserRole" finished-at="2024-11-11T18:58:57 IST" duration-ms="8729" status="PASS">
          <reporter-output>
          </reporter-output>
        </test-method> <!-- searchByUserRole -->
        <test-method signature="searchByUserStatus()[pri:4, instance:com.Module2.Admin.AdminPageTest@32910148]" started-at="2024-11-11T18:58:57 IST" name="searchByUserStatus" finished-at="2024-11-11T18:59:05 IST" duration-ms="8527" status="PASS">
          <reporter-output>
          </reporter-output>
        </test-method> <!-- searchByUserStatus -->
        <test-method is-config="true" signature="tearDown()[pri:0, instance:com.Module2.Admin.AdminPageTest@32910148]" started-at="2024-11-11T18:59:05 IST" name="tearDown" finished-at="2024-11-11T18:59:06 IST" duration-ms="285" status="PASS">
          <reporter-output>
          </reporter-output>
        </test-method> <!-- tearDown -->
      </class> <!-- com.Module2.Admin.AdminPageTest -->
    </test> <!-- Default test -->
  </suite> <!-- Default suite -->
</testng-results>
