<?xml version="1.0" encoding="UTF-8"?>
<!-- Generated by org.testng.reporters.JUnitXMLReporter -->
<testsuite ignored="0" hostname="DESKTOP-SAS94KC" failures="0" tests="4" name="Default test" time="44.865" errors="0" timestamp="2024-11-11T18:59:06 IST">
  <testcase classname="com.Module2.Admin.AdminPageTest" name="getLeftSideMenuOptions" time="6.68"/>
  <testcase classname="com.Module2.Admin.AdminPageTest" name="searchByUserName" time="5.502"/>
  <testcase classname="com.Module2.Admin.AdminPageTest" name="searchByUserRole" time="8.729"/>
  <testcase classname="com.Module2.Admin.AdminPageTest" name="searchByUserStatus" time="8.527"/>
</testsuite> <!-- Default test -->
